#
# There is insufficient memory for the Java Runtime Environment to continue.
# Native memory allocation (malloc) failed to allocate 786592 bytes for Chunk::new
# Possible reasons:
#   The system is out of physical RAM or swap space
#   In 32 bit mode, the process size limit was hit
# Possible solutions:
#   Reduce memory load on the system
#   Increase physical memory or swap space
#   Check if swap backing store is full
#   Use 64 bit Java on a 64 bit OS
#   Decrease Java heap size (-Xmx/-Xms)
#   Decrease number of Java threads
#   Decrease Java thread stack sizes (-Xss)
#   Set larger code cache with -XX:ReservedCodeCacheSize=
# This output file may be truncated or incomplete.
#
#  Out of Memory Error (allocation.cpp:390), pid=9932, tid=0x00000000000029c0
#
# JRE version: Java(TM) SE Runtime Environment (8.0_111-b14) (build 1.8.0_111-b14)
# Java VM: Java HotSpot(TM) 64-Bit Server VM (25.111-b14 mixed mode windows-amd64 compressed oops)
# Failed to write core dump. Minidumps are not enabled by default on client versions of Windows
#

---------------  T H R E A D  ---------------

Current thread (0x0000000017eb3000):  JavaThread "C2 CompilerThread0" daemon [_thread_in_native, id=10688, stack(0x00000000194c0000,0x00000000195c0000)]

Stack: [0x00000000194c0000,0x00000000195c0000]
[error occurred during error reporting (printing stack bounds), id 0xc0000005]

Native frames: (J=compiled Java code, j=interpreted, Vv=VM code, C=native code)


Current CompileTask:
C2:   3535 1286       4       java.io.WinNTFileSystem::normalize (143 bytes)


---------------  P R O C E S S  ---------------

Java Threads: ( => current thread )
  0x000000001b416800 JavaThread "shuffle-server-0" daemon [_thread_in_native, id=9612, stack(0x000000001d8a0000,0x000000001d9a0000)]
  0x000000001b1e0000 JavaThread "dispatcher-event-loop-3" daemon [_thread_blocked, id=10340, stack(0x000000001c2b0000,0x000000001c3b0000)]
  0x000000001b1df800 JavaThread "dispatcher-event-loop-2" daemon [_thread_blocked, id=5532, stack(0x000000001c1b0000,0x000000001c2b0000)]
  0x000000001b35d000 JavaThread "dispatcher-event-loop-1" daemon [_thread_blocked, id=1808, stack(0x000000001c0b0000,0x000000001c1b0000)]
  0x000000001b359000 JavaThread "dispatcher-event-loop-0" daemon [_thread_blocked, id=9072, stack(0x000000001bfb0000,0x000000001c0b0000)]
  0x0000000017eed800 JavaThread "Service Thread" daemon [_thread_blocked, id=10500, stack(0x0000000019bc0000,0x0000000019cc0000)]
  0x0000000017ec2000 JavaThread "C1 CompilerThread2" daemon [_thread_blocked, id=5756, stack(0x00000000196c0000,0x00000000197c0000)]
  0x0000000017ec0800 JavaThread "C2 CompilerThread1" daemon [_thread_blocked, id=6772, stack(0x00000000195c0000,0x00000000196c0000)]
=>0x0000000017eb3000 JavaThread "C2 CompilerThread0" daemon [_thread_in_native, id=10688, stack(0x00000000194c0000,0x00000000195c0000)]
  0x000000000330e800 JavaThread "Attach Listener" daemon [_thread_blocked, id=10444, stack(0x00000000193c0000,0x00000000194c0000)]
  0x000000000330d000 JavaThread "Signal Dispatcher" daemon [_thread_blocked, id=10440, stack(0x00000000192c0000,0x00000000193c0000)]
  0x0000000017eb1800 JavaThread "Finalizer" daemon [_thread_blocked, id=10556, stack(0x00000000190e0000,0x00000000191e0000)]
  0x0000000017da0800 JavaThread "Reference Handler" daemon [_thread_blocked, id=10648, stack(0x0000000018fe0000,0x00000000190e0000)]
  0x0000000003215800 JavaThread "main" [_thread_blocked, id=8932, stack(0x0000000003110000,0x0000000003210000)]

Other Threads:
  0x0000000017e8f800 VMThread [stack: 0x0000000018ee0000,0x0000000018fe0000] [id=10540]
  0x0000000019884000 WatcherThread [stack: 0x0000000019cc0000,0x0000000019dc0000] [id=8440]

VM state:at safepoint (normal execution)

VM Mutex/Monitor currently owned by a thread:  ([mutex/lock_event])
[0x00000000032126d0] Threads_lock - owner thread: 0x0000000017e8f800
[0x0000000003212d50] Heap_lock - owner thread: 0x0000000003215800

Heap:
 PSYoungGen      total 38400K, used 38386K [0x00000000d5b80000, 0x00000000d8600000, 0x0000000100000000)
  eden space 33280K, 100% used [0x00000000d5b80000,0x00000000d7c00000,0x00000000d7c00000)
  from space 5120K, 99% used [0x00000000d7c00000,0x00000000d80fcbb0,0x00000000d8100000)
  to   space 5120K, 99% used [0x00000000d8100000,0x00000000d85f8050,0x00000000d8600000)
 ParOldGen       total 87552K, used 5462K [0x0000000081200000, 0x0000000086780000, 0x00000000d5b80000)
  object space 87552K, 6% used [0x0000000081200000,0x00000000817559f8,0x0000000086780000)
 Metaspace       used 19593K, capacity 19746K, committed 20224K, reserved 1067008K
  class space    used 2635K, capacity 2705K, committed 2816K, reserved 1048576K

Card table byte_map: [0x00000000126d0000,0x0000000012ad0000] byte_map_base: 0x00000000122c7000

Marking Bits: (ParMarkBitMap*) 0x0000000054b8a6c0
 Begin Bits: [0x0000000013180000, 0x0000000015138000)
 End Bits:   [0x0000000015138000, 0x00000000170f0000)

Polling page: 0x0000000001630000

CodeCache: size=245760Kb used=4564Kb max_used=4573Kb free=241195Kb
 bounds [0x0000000003310000, 0x0000000003790000, 0x0000000012310000]
 total_blobs=1713 nmethods=1306 adapters=320
 compilation: enabled

Compilation events (10 events):
Event: 3.466 Thread 0x0000000017ec2000 nmethod 1300 0x0000000003781110 code [0x0000000003781300, 0x0000000003781e08]
Event: 3.466 Thread 0x0000000017ec2000 1299       3       sun.misc.ProxyGenerator$ConstantPool::getNameAndType (30 bytes)
Event: 3.466 Thread 0x0000000017ec0800 1302       4       sun.misc.ProxyGenerator$ConstantPool$IndirectEntry::hashCode (15 bytes)
Event: 3.467 Thread 0x0000000017ec2000 nmethod 1299 0x0000000003783110 code [0x0000000003783300, 0x00000000037839e8]
Event: 3.467 Thread 0x0000000017ec2000 1301       3       java.util.ArrayList::iterator (10 bytes)
Event: 3.467 Thread 0x0000000017ec0800 nmethod 1302 0x0000000003780f10 code [0x0000000003781040, 0x00000000037810b8]
Event: 3.467 Thread 0x0000000017ec2000 nmethod 1301 0x000000000377f650 code [0x000000000377f7c0, 0x000000000377fab0]
Event: 3.467 Thread 0x0000000017ec2000 1303       3       java.lang.Class::checkMemberAccess (49 bytes)
Event: 3.468 Thread 0x0000000017ec2000 nmethod 1303 0x0000000003782890 code [0x0000000003782a20, 0x0000000003782f78]
Event: 3.480 Thread 0x0000000017ec0800 1304       4       java.nio.DirectLongBufferU::get (16 bytes)

GC Heap History (6 events):
Event: 1.343 GC heap before
{Heap before GC invocations=1 (full 0):
 PSYoungGen      total 38400K, used 33280K [0x00000000d5b80000, 0x00000000d8600000, 0x0000000100000000)
  eden space 33280K, 100% used [0x00000000d5b80000,0x00000000d7c00000,0x00000000d7c00000)
  from space 5120K, 0% used [0x00000000d8100000,0x00000000d8100000,0x00000000d8600000)
  to   space 5120K, 0% used [0x00000000d7c00000,0x00000000d7c00000,0x00000000d8100000)
 ParOldGen       total 87552K, used 0K [0x0000000081200000, 0x0000000086780000, 0x00000000d5b80000)
  object space 87552K, 0% used [0x0000000081200000,0x0000000081200000,0x0000000086780000)
 Metaspace       used 9663K, capacity 9804K, committed 10112K, reserved 1058816K
  class space    used 1320K, capacity 1352K, committed 1408K, reserved 1048576K
Event: 1.355 GC heap after
Heap after GC invocations=1 (full 0):
 PSYoungGen      total 38400K, used 5103K [0x00000000d5b80000, 0x00000000d8600000, 0x0000000100000000)
  eden space 33280K, 0% used [0x00000000d5b80000,0x00000000d5b80000,0x00000000d7c00000)
  from space 5120K, 99% used [0x00000000d7c00000,0x00000000d80fbe10,0x00000000d8100000)
  to   space 5120K, 0% used [0x00000000d8100000,0x00000000d8100000,0x00000000d8600000)
 ParOldGen       total 87552K, used 475K [0x0000000081200000, 0x0000000086780000, 0x00000000d5b80000)
  object space 87552K, 0% used [0x0000000081200000,0x0000000081276e38,0x0000000086780000)
 Metaspace       used 9663K, capacity 9804K, committed 10112K, reserved 1058816K
  class space    used 1320K, capacity 1352K, committed 1408K, reserved 1048576K
}
Event: 1.972 GC heap before
{Heap before GC invocations=2 (full 0):
 PSYoungGen      total 38400K, used 38383K [0x00000000d5b80000, 0x00000000d8600000, 0x0000000100000000)
  eden space 33280K, 100% used [0x00000000d5b80000,0x00000000d7c00000,0x00000000d7c00000)
  from space 5120K, 99% used [0x00000000d7c00000,0x00000000d80fbe10,0x00000000d8100000)
  to   space 5120K, 0% used [0x00000000d8100000,0x00000000d8100000,0x00000000d8600000)
 ParOldGen       total 87552K, used 475K [0x0000000081200000, 0x0000000086780000, 0x00000000d5b80000)
  object space 87552K, 0% used [0x0000000081200000,0x0000000081276e38,0x0000000086780000)
 Metaspace       used 12481K, capacity 12556K, committed 12800K, reserved 1060864K
  class space    used 1697K, capacity 1736K, committed 1792K, reserved 1048576K
Event: 1.982 GC heap after
Heap after GC invocations=2 (full 0):
 PSYoungGen      total 38400K, used 5110K [0x00000000d5b80000, 0x00000000d8600000, 0x0000000100000000)
  eden space 33280K, 0% used [0x00000000d5b80000,0x00000000d5b80000,0x00000000d7c00000)
  from space 5120K, 99% used [0x00000000d8100000,0x00000000d85fd970,0x00000000d8600000)
  to   space 5120K, 0% used [0x00000000d7c00000,0x00000000d7c00000,0x00000000d8100000)
 ParOldGen       total 87552K, used 2125K [0x0000000081200000, 0x0000000086780000, 0x00000000d5b80000)
  object space 87552K, 2% used [0x0000000081200000,0x0000000081413708,0x0000000086780000)
 Metaspace       used 12481K, capacity 12556K, committed 12800K, reserved 1060864K
  class space    used 1697K, capacity 1736K, committed 1792K, reserved 1048576K
}
Event: 2.556 GC heap before
{Heap before GC invocations=3 (full 0):
 PSYoungGen      total 38400K, used 38390K [0x00000000d5b80000, 0x00000000d8600000, 0x0000000100000000)
  eden space 33280K, 100% used [0x00000000d5b80000,0x00000000d7c00000,0x00000000d7c00000)
  from space 5120K, 99% used [0x00000000d8100000,0x00000000d85fd970,0x00000000d8600000)
  to   space 5120K, 0% used [0x00000000d7c00000,0x00000000d7c00000,0x00000000d8100000)
 ParOldGen       total 87552K, used 2125K [0x0000000081200000, 0x0000000086780000, 0x00000000d5b80000)
  object space 87552K, 2% used [0x0000000081200000,0x0000000081413708,0x0000000086780000)
 Metaspace       used 15293K, capacity 15378K, committed 15744K, reserved 1062912K
  class space    used 2095K, capacity 2121K, committed 2176K, reserved 1048576K
Event: 2.565 GC heap after
Heap after GC invocations=3 (full 0):
 PSYoungGen      total 38400K, used 5106K [0x00000000d5b80000, 0x00000000d8600000, 0x0000000100000000)
  eden space 33280K, 0% used [0x00000000d5b80000,0x00000000d5b80000,0x00000000d7c00000)
  from space 5120K, 99% used [0x00000000d7c00000,0x00000000d80fcbb0,0x00000000d8100000)
  to   space 5120K, 0% used [0x00000000d8100000,0x00000000d8100000,0x00000000d8600000)
 ParOldGen       total 87552K, used 4254K [0x0000000081200000, 0x0000000086780000, 0x00000000d5b80000)
  object space 87552K, 4% used [0x0000000081200000,0x00000000816279f8,0x0000000086780000)
 Metaspace       used 15293K, capacity 15378K, committed 15744K, reserved 1062912K
  class space    used 2095K, capacity 2121K, committed 2176K, reserved 1048576K
}

Deoptimization events (10 events):
Event: 1.554 Thread 0x0000000003215800 Uncommon trap: reason=class_check action=maybe_recompile pc=0x00000000034d7c14 method=java.util.HashMap.putVal(ILjava/lang/Object;Ljava/lang/Object;ZZ)Ljava/lang/Object; @ 203
Event: 1.578 Thread 0x0000000003215800 Uncommon trap: reason=class_check action=maybe_recompile pc=0x00000000034d7bcc method=java.util.HashMap.putVal(ILjava/lang/Object;Ljava/lang/Object;ZZ)Ljava/lang/Object; @ 253
Event: 1.909 Thread 0x0000000003215800 Uncommon trap: reason=unstable_if action=reinterpret pc=0x000000000361687c method=sun.misc.MetaIndex.mayContain(Ljava/lang/String;)Z @ 13
Event: 2.167 Thread 0x0000000003215800 Uncommon trap: reason=unstable_if action=reinterpret pc=0x00000000035b4530 method=java.io.WinNTFileSystem.normalize(Ljava/lang/String;)Ljava/lang/String; @ 128
Event: 2.167 Thread 0x0000000003215800 Uncommon trap: reason=unstable_if action=reinterpret pc=0x00000000034c69e4 method=java.io.WinNTFileSystem.normalize(Ljava/lang/String;II)Ljava/lang/String; @ 8
Event: 2.771 Thread 0x0000000003215800 Uncommon trap: reason=unstable_if action=reinterpret pc=0x0000000003704804 method=sun.misc.MetaIndex.mayContain(Ljava/lang/String;)Z @ 38
Event: 2.772 Thread 0x0000000003215800 Uncommon trap: reason=unstable_if action=reinterpret pc=0x00000000035268b8 method=sun.misc.URLClassPath$JarLoader.getResource(Ljava/lang/String;Z)Lsun/misc/Resource; @ 15
Event: 3.095 Thread 0x0000000003215800 Uncommon trap: reason=bimorphic action=maybe_recompile pc=0x00000000034d2f54 method=java.lang.ThreadLocal.get()Ljava/lang/Object; @ 6
Event: 3.096 Thread 0x0000000003215800 Uncommon trap: reason=bimorphic action=maybe_recompile pc=0x00000000034d2f54 method=java.lang.ThreadLocal.get()Ljava/lang/Object; @ 6
Event: 3.097 Thread 0x0000000003215800 Uncommon trap: reason=bimorphic action=maybe_recompile pc=0x00000000034d2f54 method=java.lang.ThreadLocal.get()Ljava/lang/Object; @ 6

Internal exceptions (10 events):
Event: 1.310 Thread 0x0000000003215800 Exception <a 'java/lang/ClassNotFoundException': org/apache/log4j/ConsoleAppenderCustomizer> (0x00000000d7b07eb8) thrown at [C:\re\workspace\8-2-build-windows-amd64-cygwin\jdk8u111\7883\hotspot\src\share\vm\classfile\systemDictionary.cpp, line 210]
Event: 2.155 Thread 0x0000000003215800 Exception <a 'java/io/FileNotFoundException'> (0x00000000d6130240) thrown at [C:\re\workspace\8-2-build-windows-amd64-cygwin\jdk8u111\7883\hotspot\src\share\vm\prims\jni.cpp, line 709]
Event: 2.155 Thread 0x0000000003215800 Exception <a 'java/security/PrivilegedActionException'> (0x00000000d6130850) thrown at [C:\re\workspace\8-2-build-windows-amd64-cygwin\jdk8u111\7883\hotspot\src\share\vm\prims\jvm.cpp, line 1386]
Event: 2.155 Thread 0x0000000003215800 Exception <a 'java/lang/reflect/InvocationTargetException'> (0x00000000d6132958) thrown at [C:\re\workspace\8-2-build-windows-amd64-cygwin\jdk8u111\7883\hotspot\src\share\vm\runtime\reflection.cpp, line 1092]
Event: 2.577 Thread 0x0000000003215800 Exception <a 'java/lang/ArrayIndexOutOfBoundsException'> (0x00000000d5c7ee68) thrown at [C:\re\workspace\8-2-build-windows-amd64-cygwin\jdk8u111\7883\hotspot\src\share\vm\runtime\sharedRuntime.cpp, line 605]
Event: 2.577 Thread 0x0000000003215800 Exception <a 'java/lang/ArrayIndexOutOfBoundsException'> (0x00000000d5c800c8) thrown at [C:\re\workspace\8-2-build-windows-amd64-cygwin\jdk8u111\7883\hotspot\src\share\vm\runtime\sharedRuntime.cpp, line 605]
Event: 2.685 Thread 0x0000000003215800 Exception <a 'java/lang/NoSuchFieldError': method resolution failed> (0x00000000d60bd8c0) thrown at [C:\re\workspace\8-2-build-windows-amd64-cygwin\jdk8u111\7883\hotspot\src\share\vm\prims\methodHandles.cpp, line 1146]
Event: 2.689 Thread 0x0000000003215800 Exception <a 'java/lang/NoSuchFieldError': method resolution failed> (0x00000000d60caf90) thrown at [C:\re\workspace\8-2-build-windows-amd64-cygwin\jdk8u111\7883\hotspot\src\share\vm\prims\methodHandles.cpp, line 1146]
Event: 2.805 Thread 0x0000000003215800 Exception <a 'java/lang/ArrayIndexOutOfBoundsException'> (0x00000000d67636b0) thrown at [C:\re\workspace\8-2-build-windows-amd64-cygwin\jdk8u111\7883\hotspot\src\share\vm\runtime\sharedRuntime.cpp, line 605]
Event: 2.805 Thread 0x0000000003215800 Exception <a 'java/lang/ArrayIndexOutOfBoundsException'> (0x00000000d67644e0) thrown at [C:\re\workspace\8-2-build-windows-amd64-cygwin\jdk8u111\7883\hotspot\src\share\vm\runtime\sharedRuntime.cpp, line 605]

Events (10 events):
Event: 3.479 loading class io/netty/channel/ChannelFutureListener$2
Event: 3.479 loading class io/netty/channel/ChannelFutureListener$2 done
Event: 3.479 loading class org/apache/spark/rpc/netty/RpcEndpointVerifier
Event: 3.479 loading class org/apache/spark/rpc/netty/RpcEndpointVerifier done
Event: 3.479 loading class io/netty/channel/ChannelFutureListener$3
Event: 3.479 loading class io/netty/channel/ChannelFutureListener$3 done
Event: 3.480 loading class org/apache/spark/rpc/RpcEndpoint$class
Event: 3.480 loading class org/apache/spark/rpc/RpcEndpoint$class done
Event: 3.481 loading class org/apache/spark/rpc/RpcEndpointAddress
Event: 3.481 loading class org/apache/spark/rpc/RpcEndpointAddress done


Dynamic libraries:
0x00007ff6d5e30000 - 0x00007ff6d5e67000 	C:\Program Files\Java\jre1.8.0_111\bin\javaw.exe
0x00007ffce2b60000 - 0x00007ffce2d21000 	C:\Windows\SYSTEM32\ntdll.dll
0x00007ffce03f0000 - 0x00007ffce049d000 	C:\Windows\system32\KERNEL32.DLL
0x00007ffcdf330000 - 0x00007ffcdf518000 	C:\Windows\system32\KERNELBASE.dll
0x00007ffce04a0000 - 0x00007ffce0547000 	C:\Windows\system32\ADVAPI32.dll
0x00007ffce0550000 - 0x00007ffce05ed000 	C:\Windows\system32\msvcrt.dll
0x00007ffce2880000 - 0x00007ffce28db000 	C:\Windows\system32\sechost.dll
0x00007ffce06d0000 - 0x00007ffce07ec000 	C:\Windows\system32\RPCRT4.dll
0x00007ffce2720000 - 0x00007ffce2876000 	C:\Windows\system32\USER32.dll
0x00007ffce2360000 - 0x00007ffce24e6000 	C:\Windows\system32\GDI32.dll
0x00007ffccdbc0000 - 0x00007ffccde34000 	C:\Windows\WinSxS\amd64_microsoft.windows.common-controls_6595b64144ccf1df_6.0.10586.672_none_a2d6b3cea53ff843\COMCTL32.dll
0x00007ffce28e0000 - 0x00007ffce2b5d000 	C:\Windows\system32\combase.dll
0x00007ffcdf2c0000 - 0x00007ffcdf32a000 	C:\Windows\system32\bcryptPrimitives.dll
0x00007ffce0900000 - 0x00007ffce093b000 	C:\Windows\system32\IMM32.DLL
0x0000000055260000 - 0x0000000055332000 	C:\Program Files\Java\jre1.8.0_111\bin\msvcr100.dll
0x0000000054370000 - 0x0000000054c0a000 	C:\Program Files\Java\jre1.8.0_111\bin\server\jvm.dll
0x00007ffce05f0000 - 0x00007ffce05f8000 	C:\Windows\system32\PSAPI.DLL
0x00007ffcd1070000 - 0x00007ffcd1079000 	C:\Windows\SYSTEM32\WSOCK32.dll
0x00007ffcdd790000 - 0x00007ffcdd7b3000 	C:\Windows\SYSTEM32\WINMM.dll
0x00007ffcd1b00000 - 0x00007ffcd1b0a000 	C:\Windows\SYSTEM32\VERSION.dll
0x00007ffce0aa0000 - 0x00007ffce0b0b000 	C:\Windows\system32\WS2_32.dll
0x00007ffcdd700000 - 0x00007ffcdd72c000 	C:\Windows\SYSTEM32\WINMMBASE.dll
0x00007ffcdf210000 - 0x00007ffcdf253000 	C:\Windows\system32\cfgmgr32.dll
0x0000000054360000 - 0x000000005436f000 	C:\Program Files\Java\jre1.8.0_111\bin\verify.dll
0x0000000054330000 - 0x0000000054359000 	C:\Program Files\Java\jre1.8.0_111\bin\java.dll
0x0000000054310000 - 0x0000000054326000 	C:\Program Files\Java\jre1.8.0_111\bin\zip.dll
0x00007ffce0e00000 - 0x00007ffce235c000 	C:\Windows\system32\SHELL32.dll
0x00007ffcdf6f0000 - 0x00007ffcdfd35000 	C:\Windows\system32\windows.storage.dll
0x00007ffce0b10000 - 0x00007ffce0b62000 	C:\Windows\system32\shlwapi.dll
0x00007ffcdf200000 - 0x00007ffcdf20f000 	C:\Windows\system32\kernel.appcore.dll
0x00007ffcdfd40000 - 0x00007ffcdfdf5000 	C:\Windows\system32\shcore.dll
0x00007ffcdf1b0000 - 0x00007ffcdf1fb000 	C:\Windows\system32\powrprof.dll
0x00007ffcdf190000 - 0x00007ffcdf1a4000 	C:\Windows\system32\profapi.dll
0x00000000541c0000 - 0x00000000541cd000 	C:\Program Files\Java\jre1.8.0_111\bin\management.dll
0x0000000055250000 - 0x0000000055259000 	C:\Program Files\Java\jre1.8.0_111\bin\w2k_lsa_auth.dll
0x00007ffcdc850000 - 0x00007ffcdc85c000 	C:\Windows\SYSTEM32\Secur32.dll
0x00007ffcdee90000 - 0x00007ffcdeebd000 	C:\Windows\SYSTEM32\SSPICLI.DLL
0x00007ffcd2f60000 - 0x00007ffcd2f7d000 	C:\spark\bin\hadoop.dll
0x00007ffcdfe00000 - 0x00007ffcdfe17000 	C:\Windows\system32\NETAPI32.dll
0x00007ffcde420000 - 0x00007ffcde469000 	C:\Windows\SYSTEM32\AUTHZ.dll
0x00007ffcde590000 - 0x00007ffcde59c000 	C:\Windows\SYSTEM32\NETUTILS.DLL
0x00007ffcd9d70000 - 0x00007ffcd9d89000 	C:\Windows\SYSTEM32\SAMCLI.DLL
0x0000000055240000 - 0x0000000055249000 	C:\Program Files\Java\jre1.8.0_111\bin\jaas_nt.dll
0x00000000542f0000 - 0x000000005430a000 	C:\Program Files\Java\jre1.8.0_111\bin\net.dll
0x00007ffcdeab0000 - 0x00007ffcdeb0c000 	C:\Windows\system32\mswsock.dll
0x00007ffcd3b30000 - 0x00007ffcd3b46000 	C:\Windows\system32\napinsp.dll
0x00007ffcd3b50000 - 0x00007ffcd3b6a000 	C:\Windows\system32\pnrpnsp.dll
0x00007ffcdd2f0000 - 0x00007ffcdd308000 	C:\Windows\system32\NLAapi.dll
0x00007ffcddbc0000 - 0x00007ffcddc6a000 	C:\Windows\SYSTEM32\DNSAPI.dll
0x00007ffce24f0000 - 0x00007ffce24f8000 	C:\Windows\system32\NSI.dll
0x00007ffcd5cf0000 - 0x00007ffcd5cfd000 	C:\Windows\System32\winrnr.dll
0x00007ffcd83d0000 - 0x00007ffcd83da000 	C:\Windows\System32\rasadhlp.dll
0x00007ffcdc810000 - 0x00007ffcdc848000 	C:\Windows\SYSTEM32\IPHLPAPI.DLL
0x00007ffcd8a10000 - 0x00007ffcd8a77000 	C:\Windows\System32\fwpuclnt.dll
0x00007ffcded80000 - 0x00007ffcdeda9000 	C:\Windows\SYSTEM32\bcrypt.dll
0x00000000542d0000 - 0x00000000542e1000 	C:\Program Files\Java\jre1.8.0_111\bin\nio.dll
0x00007ffcdeb60000 - 0x00007ffcdeb77000 	C:\Windows\SYSTEM32\CRYPTSP.dll
0x00007ffcde790000 - 0x00007ffcde7c4000 	C:\Windows\system32\rsaenh.dll
0x00007ffcde940000 - 0x00007ffcde95f000 	C:\Windows\SYSTEM32\USERENV.dll
0x00007ffcdec80000 - 0x00007ffcdec8b000 	C:\Windows\SYSTEM32\CRYPTBASE.dll
0x00007ffcd9100000 - 0x00007ffcd9116000 	C:\Windows\SYSTEM32\dhcpcsvc6.DLL
0x00007ffcd90e0000 - 0x00007ffcd90fa000 	C:\Windows\SYSTEM32\dhcpcsvc.DLL

VM Arguments:
jvm_args: -Dfile.encoding=Cp1252 -Xbootclasspath/p:C:\Users\hamzakpt\.p2\pool\plugins\org.scala-lang.scala-library_2.11.8.v20160304-115712-1706a37eb8.jar;C:\Users\hamzakpt\.p2\pool\plugins\org.scala-lang.scala-reflect_2.11.8.v20160304-115712-1706a37eb8.jar 
java_command: anothtermain
java_class_path (initial): C:\Youtube\Eclipse-Python\SparkwihSCALA\bin;C:\spark\jars\activation-1.1.1.jar;C:\spark\jars\antlr-2.7.7.jar;C:\spark\jars\antlr4-runtime-4.5.3.jar;C:\spark\jars\antlr-runtime-3.4.jar;C:\spark\jars\aopalliance-1.0.jar;C:\spark\jars\aopalliance-repackaged-2.4.0-b34.jar;C:\spark\jars\apacheds-i18n-2.0.0-M15.jar;C:\spark\jars\apacheds-kerberos-codec-2.0.0-M15.jar;C:\spark\jars\apache-log4j-extras-1.2.17.jar;C:\spark\jars\api-asn1-api-1.0.0-M20.jar;C:\spark\jars\api-util-1.0.0-M20.jar;C:\spark\jars\arpack_combined_all-0.1.jar;C:\spark\jars\avro-1.7.7.jar;C:\spark\jars\avro-ipc-1.7.7.jar;C:\spark\jars\avro-mapred-1.7.7-hadoop2.jar;C:\spark\jars\base64-2.3.8.jar;C:\spark\jars\bcprov-jdk15on-1.51.jar;C:\spark\jars\bonecp-0.8.0.RELEASE.jar;C:\spark\jars\breeze_2.11-0.11.2.jar;C:\spark\jars\breeze-macros_2.11-0.11.2.jar;C:\spark\jars\calcite-avatica-1.2.0-incubating.jar;C:\spark\jars\calcite-core-1.2.0-incubating.jar;C:\spark\jars\calcite-linq4j-1.2.0-incubating.jar;C:\spark\jars\chill_2.11-0.8.0.jar;C:\spark\jars\chill-java-0.8.0.jar;C:\spark\jars\commons-beanutils-1.7.0.jar;C:\spark\jars\commons-beanutils-core-1.8.0.jar;C:\spark\jars\commons-cli-1.2.jar;C:\spark\jars\commons-codec-1.10.jar;C:\spark\jars\commons-collections-3.2.2.jar;C:\spark\jars\commons-compiler-2.7.6.jar;C:\spark\jars\commons-compress-1.4.1.jar;C:\spark\jars\commons-configuration-1.6.jar;C:\spark\jars\commons-dbcp-1.4.jar;C:\spark\jars\commons-digester-1.8.jar;C:\spark\jars\commons-httpclient-3.1.jar;C:\spark\jars\commons-io-2.4.jar;C:\spark\jars\commons-lang-2.6.jar;C:\spark\jars\commons-lang3-3.3.2.jar;C:\spark\jars\commons-logging-1.1.3.jar;C:\spark\jars\commons-math3-3.4.1.jar;C:\spark\jars\commons-net-2.2.jar;C:\spark\jars\commons-pool-1.5.4.jar;C:\spark\jars\compress-lzf-1.0.3.jar;C:\spark\jars\core-1.1.2.jar;C:\spark\jars\curator-client-2.6.0.jar;C:\spark\jars\curator-framework-2.6.0.jar;C:\spark\jars\curator-recipes-2.6.0.jar;C:\spark\jars\datanucleus-api-jdo-3.2.6.ja
Launcher Type: SUN_STANDARD

Environment Variables:
JAVA_HOME=C:\Java\jdk1.8.0_111
PATH=C:/Program Files/Java/jre1.8.0_111/bin/server;C:/Program Files/Java/jre1.8.0_111/bin;C:/Program Files/Java/jre1.8.0_111/lib/amd64;C:\orant\bin;E:\DevSuiteHome_3\jdk\jre\bin\client;E:\DevSuiteHome_3\bin;E:\DevSuiteHome_3\jlib;E:\oracle\product\10.2.0\db_2\bin;G:\oracle\product\10.2.0\db_3\bin;C:\ProgramData\Oracle\Java\javapath;C:\Windows\system32;C:\Windows;C:\Windows\System32\Wbem;C:\Windows\System32\WindowsPowerShell\v1.0\;C:\Java\jdk1.8.0_111\bin;C:\scala\bin;C:\Program Files (x86)\sbt\bin;C:\spark\bin;C:\hadoop\bin;C:\Program Files (x86)\Skype\Phone\;C:\Windows\system32\config\systemprofile\.dnx\bin;C:\Program Files\Microsoft DNX\Dnvm\;C:\Program Files\Microsoft SQL Server\130\Tools\Binn\;C:\Program Files (x86)\Windows Kits\10\Windows Performance Toolkit\;C:\Program Files (x86)\nodejs\;C:\maven\bin;C:\orant\jdk\bin;C:\Program Files\Git\cmd;C:\Program Files\nodejs\;C:\elasticsearch\bin;C:\Program Files (x86)\Brackets\command;C:\Users\hamzakpt\Anaconda2;C:\Users\hamzakpt\Anaconda2\Scripts;C:\Users\hamzakpt\Anaconda3;C:\Users\hamzakpt\Anaconda3\Scripts;C:\Users\hamzakpt\Anaconda2\Library\bin;C:\Users\hamzakpt\Anaconda3\Library\bin;C:\Program Files\MongoDB\Server\3.2\bin;C:\Users\hamzakpt\AppData\Roaming\npm;C:\Users\hamzakpt\Desktop;
USERNAME=hamzakpt
OS=Windows_NT
PROCESSOR_IDENTIFIER=Intel64 Family 6 Model 69 Stepping 1, GenuineIntel



---------------  S Y S T E M  ---------------

OS: Windows 10.0 , 64 bit Build 10586 (10.0.10586.589)

CPU:total 4 (2 cores per cpu, 2 threads per core) family 6 model 69 stepping 1, cmov, cx8, fxsr, mmx, sse, sse2, sse3, ssse3, sse4.1, sse4.2, popcnt, avx, avx2, aes, clmul, erms, lzcnt, ht, tsc, tscinvbit, bmi1, bmi2

Memory: 4k page, physical 8313132k(1547676k free), swap 11589932k(6768k free)

vm_info: Java HotSpot(TM) 64-Bit Server VM (25.111-b14) for windows-amd64 JRE (1.8.0_111-b14), built on Sep 22 2016 19:24:05 by "java_re" with MS VC++ 10.0 (VS2010)

time: Tue Jun 20 15:55:43 2017
elapsed time: 3 seconds (0d 0h 0m 3s)

